\BOOKMARK [0][-]{table.caption.2}{Acknowledgements}{}% 1
\BOOKMARK [0][-]{chapter*.3}{Abstract}{}% 2
\BOOKMARK [0][-]{chapter.1}{1 Introduction}{}% 3
\BOOKMARK [1][-]{section.1.1}{1.1 Project Description}{chapter.1}% 4
\BOOKMARK [2][-]{subsection.1.1.1}{1.1.1 Project Scope}{section.1.1}% 5
\BOOKMARK [2][-]{subsection.1.1.2}{1.1.2 Project Objectives}{section.1.1}% 6
\BOOKMARK [2][-]{subsection.1.1.3}{1.1.3 Related Work}{section.1.1}% 7
\BOOKMARK [2][-]{subsection.1.1.4}{1.1.4 Demo listings}{section.1.1}% 8
\BOOKMARK [2][-]{subsection.1.1.5}{1.1.5 Tables}{section.1.1}% 9
\BOOKMARK [0][-]{chapter.2}{2 State of the Art}{}% 10
\BOOKMARK [1][-]{section.2.1}{2.1 Existing Solutions}{chapter.2}% 11
\BOOKMARK [2][-]{subsection.2.1.1}{2.1.1 Analytics}{section.2.1}% 12
\BOOKMARK [2][-]{subsection.2.1.2}{2.1.2 3rd Party Clients}{section.2.1}% 13
\BOOKMARK [2][-]{subsection.2.1.3}{2.1.3 Trends}{section.2.1}% 14
\BOOKMARK [1][-]{section.2.2}{2.2 Related Work}{chapter.2}% 15
\BOOKMARK [0][-]{chapter.3}{3 Design}{}% 16
\BOOKMARK [1][-]{section.3.1}{3.1 Implementation}{chapter.3}% 17
\BOOKMARK [2][-]{subsection.3.1.1}{3.1.1 Clustering Algorithm}{section.3.1}% 18
\BOOKMARK [2][-]{subsection.3.1.2}{3.1.2 Data Visualization}{section.3.1}% 19
\BOOKMARK [2][-]{subsection.3.1.3}{3.1.3 Deployment}{section.3.1}% 20
\BOOKMARK [1][-]{section.3.2}{3.2 Testing}{chapter.3}% 21
\BOOKMARK [0][-]{appendix.A}{A Project Build System Makefiles}{}% 22
\BOOKMARK [1][-]{section.A.1}{A.1 Makefile.test}{appendix.A}% 23
